<?xml version="1.0" encoding="UTF-8"?>
<testsuite name="mk.finki.ukim.SILab2Test" tests="2" skipped="0" failures="0" errors="0" timestamp="2025-05-20T00:38:07" hostname="DESKTOP-NH6N15N" time="0.026">
  <properties/>
  <testcase name="testing_MultipleConditionMethod()" classname="mk.finki.ukim.SILab2Test" time="0.022"/>
  <testcase name="test_EveryStatementMethod()" classname="mk.finki.ukim.SILab2Test" time="0.003"/>
  <system-out><![CDATA[]]></system-out>
  <system-err><![CDATA[]]></system-err>
</testsuite>
